<?xml version="1.0" encoding="UTF-8"?>
<!-- Generated by org.testng.reporters.JUnitReportReporter -->
<testsuite hostname="IN-PG02P4VN" failures="0" tests="3" name="runner.newRunner" time="59.748" errors="0" timestamp="06 Oct 2022 11:14:06 GMT" skipped="0">
  <testcase classname="runner.newRunner" name="feature" time="31.407"/>
  <testcase classname="runner.newRunner" name="feature" time="14.293"/>
  <testcase classname="runner.newRunner" name="feature" time="14.048"/>
</testsuite> <!-- runner.newRunner -->
